app/build/intermediates/manifest_merge_blame_file/release/manifest-merger-blame-release-report.txt
1<?xml version="1.0" encoding="utf-8"?>
2<manifest xmlns:android="http://schemas.android.com/apk/res/android"
3    package="com.acerosocotlan.progresoacerosocotlan"
4    android:versionCode="11"
5    android:versionName="2.0.1" >
6
7    <uses-sdk
8        android:minSdkVersion="21"
8-->src/main/AndroidManifest.xml
9        android:targetSdkVersion="28" />
9-->src/main/AndroidManifest.xml
10
11    <uses-permission android:name="android.permission.INTERNET" />
11-->src/main/AndroidManifest.xml:139:5-67
11-->src/main/AndroidManifest.xml:139:22-64
12    <uses-permission android:name="android.permission.VIBRATE" />
12-->src/main/AndroidManifest.xml:140:5-66
12-->src/main/AndroidManifest.xml:140:22-63
13    <uses-permission android:name="android.permission.CALL_PHONE" />
13-->src/main/AndroidManifest.xml:141:5-69
13-->src/main/AndroidManifest.xml:141:22-66
14    <uses-permission android:name="android.permission.ACCESS_NETWORK_STATE" />
14-->src/main/AndroidManifest.xml:142:5-79
14-->src/main/AndroidManifest.xml:142:22-76
15    <uses-permission android:name="android.permission.WRITE_EXTERNAL_STORAGE" />
15-->src/main/AndroidManifest.xml:143:5-81
15-->src/main/AndroidManifest.xml:143:22-78
16
17    <application
17-->src/main/AndroidManifest.xml:5:5-137:19
18        android:allowBackup="false"
18-->src/main/AndroidManifest.xml:6:9-36
19        android:appComponentFactory="android.support.v4.app.CoreComponentFactory"
19-->[com.android.support:support-compat:28.0.0] AndroidManifest.xml:22:18-91
20        android:icon="@mipmap/ic_launcher"
20-->src/main/AndroidManifest.xml:7:9-43
21        android:label="@string/app_name"
21-->src/main/AndroidManifest.xml:8:9-41
22        android:roundIcon="@mipmap/ic_launcher_round"
22-->src/main/AndroidManifest.xml:9:9-54
23        android:supportsRtl="true"
23-->src/main/AndroidManifest.xml:10:9-35
24        android:theme="@style/AppTheme"
24-->src/main/AndroidManifest.xml:11:9-40
25        android:usesCleartextTraffic="true" >
25-->src/main/AndroidManifest.xml:12:9-44
26        <activity
26-->src/main/AndroidManifest.xml:13:9-16:66
27            android:name="com.acerosocotlan.progresoacerosocotlan.Controlador.Sucuarsales.SucursalesDisponibles"
27-->src/main/AndroidManifest.xml:14:13-74
28            android:screenOrientation="portrait"
28-->src/main/AndroidManifest.xml:15:13-49
29            android:theme="@style/pantalla_completa2" />
29-->src/main/AndroidManifest.xml:16:13-54
30        <activity
30-->src/main/AndroidManifest.xml:17:9-20:56
31            android:name="com.acerosocotlan.progresoacerosocotlan.Controlador.Sucuarsales.MenuSucursales"
31-->src/main/AndroidManifest.xml:18:13-67
32            android:screenOrientation="portrait"
32-->src/main/AndroidManifest.xml:19:13-49
33            android:theme="@style/pantalla_completa2" />
33-->src/main/AndroidManifest.xml:20:13-54
34        <activity
34-->src/main/AndroidManifest.xml:21:9-24:57
35            android:name="com.acerosocotlan.progresoacerosocotlan.Controlador.Otros.AvisoPrivacidad.AvisoPrivacidad"
35-->src/main/AndroidManifest.xml:22:13-78
36            android:screenOrientation="portrait"
36-->src/main/AndroidManifest.xml:23:13-49
37            android:theme="@style/pantalla_completa2" />
37-->src/main/AndroidManifest.xml:24:13-54
38        <activity
38-->src/main/AndroidManifest.xml:25:9-28:57
39            android:name="com.acerosocotlan.progresoacerosocotlan.Controlador.Otros.PortalTransaparencia.PortalTransparencia"
39-->src/main/AndroidManifest.xml:26:13-87
40            android:screenOrientation="portrait"
40-->src/main/AndroidManifest.xml:27:13-49
41            android:theme="@style/pantalla_completa2" />
41-->src/main/AndroidManifest.xml:28:13-54
42        <activity
42-->src/main/AndroidManifest.xml:29:9-32:57
43            android:name="com.acerosocotlan.progresoacerosocotlan.Controlador.Otros.MenuOtrosApartados"
43-->src/main/AndroidManifest.xml:30:13-65
44            android:screenOrientation="portrait"
44-->src/main/AndroidManifest.xml:31:13-49
45            android:theme="@style/pantalla_completa2" />
45-->src/main/AndroidManifest.xml:32:13-54
46        <activity
46-->src/main/AndroidManifest.xml:33:9-36:57
47            android:name="com.acerosocotlan.progresoacerosocotlan.Controlador.Contacto.Contacto"
47-->src/main/AndroidManifest.xml:34:13-58
48            android:screenOrientation="portrait"
48-->src/main/AndroidManifest.xml:35:13-49
49            android:theme="@style/pantalla_completa2" />
49-->src/main/AndroidManifest.xml:36:13-54
50        <activity
50-->src/main/AndroidManifest.xml:37:9-40:57
51            android:name="com.acerosocotlan.progresoacerosocotlan.Controlador.Otros.Convertidor.Convertidor"
51-->src/main/AndroidManifest.xml:38:13-70
52            android:screenOrientation="portrait"
52-->src/main/AndroidManifest.xml:39:13-49
53            android:theme="@style/pantalla_completa2" />
53-->src/main/AndroidManifest.xml:40:13-54
54        <activity
54-->src/main/AndroidManifest.xml:41:9-43:57
55            android:name="com.acerosocotlan.progresoacerosocotlan.Controlador.Otros.Convertidor.MenuConvertidor"
55-->src/main/AndroidManifest.xml:42:13-74
56            android:theme="@style/pantalla_completa2" />
56-->src/main/AndroidManifest.xml:43:13-54
57        <activity
57-->src/main/AndroidManifest.xml:44:9-47:57
58            android:name="com.acerosocotlan.progresoacerosocotlan.Controlador.Catalogo.CatalogoPDF"
58-->src/main/AndroidManifest.xml:45:13-61
59            android:screenOrientation="portrait"
59-->src/main/AndroidManifest.xml:46:13-49
60            android:theme="@style/pantalla_completa2" />
60-->src/main/AndroidManifest.xml:47:13-54
61        <activity
61-->src/main/AndroidManifest.xml:48:9-51:57
62            android:name="com.acerosocotlan.progresoacerosocotlan.Controlador.Catalogo.Galvanizados"
62-->src/main/AndroidManifest.xml:49:13-62
63            android:screenOrientation="portrait"
63-->src/main/AndroidManifest.xml:50:13-49
64            android:theme="@style/pantalla_completa2" />
64-->src/main/AndroidManifest.xml:51:13-54
65        <activity
65-->src/main/AndroidManifest.xml:52:9-55:57
66            android:name="com.acerosocotlan.progresoacerosocotlan.Controlador.Catalogo.CorrugadosTrefilados"
66-->src/main/AndroidManifest.xml:53:13-70
67            android:screenOrientation="portrait"
67-->src/main/AndroidManifest.xml:54:13-49
68            android:theme="@style/pantalla_completa2" />
68-->src/main/AndroidManifest.xml:55:13-54
69        <activity
69-->src/main/AndroidManifest.xml:56:9-59:57
70            android:name="com.acerosocotlan.progresoacerosocotlan.Controlador.Catalogo.Planos"
70-->src/main/AndroidManifest.xml:57:13-56
71            android:screenOrientation="portrait"
71-->src/main/AndroidManifest.xml:58:13-49
72            android:theme="@style/pantalla_completa2" />
72-->src/main/AndroidManifest.xml:59:13-54
73        <activity
73-->src/main/AndroidManifest.xml:60:9-63:57
74            android:name="com.acerosocotlan.progresoacerosocotlan.Controlador.Catalogo.Estructurales"
74-->src/main/AndroidManifest.xml:61:13-63
75            android:label="@string/title_activity_estructurales"
75-->src/main/AndroidManifest.xml:62:13-65
76            android:theme="@style/pantalla_completa2" />
76-->src/main/AndroidManifest.xml:63:13-54
77        <activity
77-->src/main/AndroidManifest.xml:64:9-67:57
78            android:name="com.acerosocotlan.progresoacerosocotlan.Controlador.Catalogo.PerfilesTubulares"
78-->src/main/AndroidManifest.xml:65:13-67
79            android:screenOrientation="portrait"
79-->src/main/AndroidManifest.xml:66:13-49
80            android:theme="@style/pantalla_completa2" />
80-->src/main/AndroidManifest.xml:67:13-54
81        <activity
81-->src/main/AndroidManifest.xml:68:9-71:57
82            android:name="com.acerosocotlan.progresoacerosocotlan.Controlador.Catalogo.Comerciales"
82-->src/main/AndroidManifest.xml:69:13-61
83            android:screenOrientation="portrait"
83-->src/main/AndroidManifest.xml:70:13-49
84            android:theme="@style/pantalla_completa2" />
84-->src/main/AndroidManifest.xml:71:13-54
85        <activity
85-->src/main/AndroidManifest.xml:72:9-75:57
86            android:name="com.acerosocotlan.progresoacerosocotlan.Controlador.Catalogo.CatalogoProductos"
86-->src/main/AndroidManifest.xml:73:13-67
87            android:screenOrientation="portrait"
87-->src/main/AndroidManifest.xml:74:13-49
88            android:theme="@style/pantalla_completa2" />
88-->src/main/AndroidManifest.xml:75:13-54
89        <activity
89-->src/main/AndroidManifest.xml:76:9-79:57
90            android:name="com.acerosocotlan.progresoacerosocotlan.Controlador.MenuPrincipal.MenuPrincipal"
90-->src/main/AndroidManifest.xml:77:13-68
91            android:screenOrientation="portrait"
91-->src/main/AndroidManifest.xml:78:13-49
92            android:theme="@style/pantalla_completa2" />
92-->src/main/AndroidManifest.xml:79:13-54
93        <activity
93-->src/main/AndroidManifest.xml:80:9-82:59
94            android:name="com.acerosocotlan.progresoacerosocotlan.Controlador.PortalClientes.PortalCliente"
94-->src/main/AndroidManifest.xml:81:13-69
95            android:theme="@style/AppTheme.NoActionBar" />
95-->src/main/AndroidManifest.xml:82:13-56
96        <activity
96-->src/main/AndroidManifest.xml:83:9-86:59
97            android:name="com.acerosocotlan.progresoacerosocotlan.Controlador.MenuPrincipal.MenuOpciones"
97-->src/main/AndroidManifest.xml:84:13-67
98            android:screenOrientation="portrait"
98-->src/main/AndroidManifest.xml:85:13-49
99            android:theme="@style/AppTheme.NoActionBar" />
99-->src/main/AndroidManifest.xml:86:13-56
100        <activity
100-->src/main/AndroidManifest.xml:87:9-97:20
101            android:name="com.acerosocotlan.progresoacerosocotlan.Controlador.Splash.Splash"
101-->src/main/AndroidManifest.xml:88:13-54
102            android:label="@string/app_name"
102-->src/main/AndroidManifest.xml:89:13-45
103            android:screenOrientation="portrait"
103-->src/main/AndroidManifest.xml:90:13-49
104            android:theme="@style/pantalla_completa2" >
104-->src/main/AndroidManifest.xml:91:13-54
105            <intent-filter>
105-->src/main/AndroidManifest.xml:92:13-96:29
106                <action android:name="android.intent.action.MAIN" />
106-->src/main/AndroidManifest.xml:93:17-69
106-->src/main/AndroidManifest.xml:93:25-66
107
108                <category android:name="android.intent.category.LAUNCHER" />
108-->src/main/AndroidManifest.xml:95:17-77
108-->src/main/AndroidManifest.xml:95:27-74
109            </intent-filter>
110        </activity>
111        <activity
111-->src/main/AndroidManifest.xml:98:9-102:57
112            android:name="com.acerosocotlan.progresoacerosocotlan.Controlador.RastreoPedido.ProgresoEntregaActivity"
112-->src/main/AndroidManifest.xml:99:13-78
113            android:label="@string/title_activity_progreso_entrega"
113-->src/main/AndroidManifest.xml:100:13-68
114            android:screenOrientation="landscape"
114-->src/main/AndroidManifest.xml:101:13-50
115            android:theme="@style/pantalla_completa2" />
115-->src/main/AndroidManifest.xml:102:13-54
116        <activity
116-->src/main/AndroidManifest.xml:103:9-107:57
117            android:name="com.acerosocotlan.progresoacerosocotlan.Controlador.RastreoPedido.DetalleEntregaActivity2"
117-->src/main/AndroidManifest.xml:104:13-78
118            android:label="Detalles de su entrega"
118-->src/main/AndroidManifest.xml:105:13-51
119            android:screenOrientation="landscape"
119-->src/main/AndroidManifest.xml:106:13-50
120            android:theme="@style/pantalla_completa2" />
120-->src/main/AndroidManifest.xml:107:13-54
121        <activity
121-->src/main/AndroidManifest.xml:108:9-112:67
122            android:name="com.acerosocotlan.progresoacerosocotlan.Controlador.RastreoPedido.CodigoIngreso"
122-->src/main/AndroidManifest.xml:109:13-68
123            android:screenOrientation="portrait"
123-->src/main/AndroidManifest.xml:110:13-49
124            android:theme="@style/Pantalla_codigo_ingreso"
124-->src/main/AndroidManifest.xml:111:13-59
125            android:windowSoftInputMode="stateHidden|adjustPan" />
125-->src/main/AndroidManifest.xml:112:13-64
126        <activity
126-->src/main/AndroidManifest.xml:113:9-117:57
127            android:name="com.acerosocotlan.progresoacerosocotlan.Controlador.RastreoPedido.EncuestaActivity"
127-->src/main/AndroidManifest.xml:114:13-71
128            android:label="@string/title_activity_encuesta"
128-->src/main/AndroidManifest.xml:115:13-60
129            android:screenOrientation="landscape"
129-->src/main/AndroidManifest.xml:116:13-50
130            android:theme="@style/pantalla_completa2" />
130-->src/main/AndroidManifest.xml:117:13-54
131        <activity
131-->src/main/AndroidManifest.xml:118:9-122:57
132            android:name="com.acerosocotlan.progresoacerosocotlan.Controlador.RastreoPedido.VerOferta"
132-->src/main/AndroidManifest.xml:119:13-64
133            android:label="@string/title_activity_ver_oferta"
133-->src/main/AndroidManifest.xml:120:13-62
134            android:screenOrientation="landscape"
134-->src/main/AndroidManifest.xml:121:13-50
135            android:theme="@style/pantalla_completa2" />
135-->src/main/AndroidManifest.xml:122:13-54
136        <activity
136-->src/main/AndroidManifest.xml:123:9-127:57
137            android:name="com.acerosocotlan.progresoacerosocotlan.Controlador.RastreoPedido.ErrorConexionActivity"
137-->src/main/AndroidManifest.xml:124:13-76
138            android:label="@string/title_activity_error_conexion"
138-->src/main/AndroidManifest.xml:125:13-66
139            android:screenOrientation="landscape"
139-->src/main/AndroidManifest.xml:126:13-50
140            android:theme="@style/pantalla_completa2" />
140-->src/main/AndroidManifest.xml:127:13-54
141        <activity
141-->src/main/AndroidManifest.xml:128:9-131:57
142            android:name="com.acerosocotlan.progresoacerosocotlan.Controlador.RastreoPedido.FirmaSistemasActivity"
142-->src/main/AndroidManifest.xml:129:13-76
143            android:screenOrientation="landscape"
143-->src/main/AndroidManifest.xml:130:13-50
144            android:theme="@style/pantalla_completa2" />
144-->src/main/AndroidManifest.xml:131:13-54
145        <activity
145-->src/main/AndroidManifest.xml:132:9-136:57
146            android:name="com.acerosocotlan.progresoacerosocotlan.Controlador.RastreoPedido.AcuseRecibo"
146-->src/main/AndroidManifest.xml:133:13-66
147            android:label="@string/title_activity_acuse_recibo"
147-->src/main/AndroidManifest.xml:134:13-64
148            android:screenOrientation="portrait"
148-->src/main/AndroidManifest.xml:135:13-49
149            android:theme="@style/pantalla_completa2" />
149-->src/main/AndroidManifest.xml:136:13-54
150    </application>
151
152</manifest>